<?xml version="1.0" encoding="UTF-8"?>
<testsuite name="etd_foms_arm" tests="1" skipped="0" failures="0" errors="0" timestamp="2022-07-08T09:48:42" hostname="BLACK" time="31.706">
  <properties/>
  <testcase name="myFirstTest" classname="etd_foms_arm" time="31.706"/>
  <system-out><![CDATA[Элемент в DOM присутствует: <span class="MuiTouchRipple-child MuiTouchRipple-childLeaving"></span>
Прикрепленный файл: Проверка требований к АРМ.docx
Заголовок окна с подсказкой "Рекомендуемые версии браузеров": Рекомендуемые версии браузеров
1) Chromium GOST Версия 86.0.4240.111 и выше
2) Интернет- браузер «Яндекс.Браузер»
]]></system-out>
  <system-err><![CDATA[SLF4J: Failed to load class "org.slf4j.impl.StaticLoggerBinder".
SLF4J: Defaulting to no-operation (NOP) logger implementation
SLF4J: See http://www.slf4j.org/codes.html#StaticLoggerBinder for further details.
Starting ChromeDriver 102.0.5005.61 (0e59bcc00cc4985ce39ad31c150065f159d95ad3-refs/branch-heads/5005@{#819}) on port 63000
Only local connections are allowed.
Please see https://chromedriver.chromium.org/security-considerations for suggestions on keeping ChromeDriver safe.
ChromeDriver was started successfully.
[1657273726.161][WARNING]: This version of ChromeDriver has not been tested with Chrome version 103.
июл. 08, 2022 1:48:46 PM org.openqa.selenium.remote.ProtocolHandshake createSession
INFO: Detected dialect: W3C
июл. 08, 2022 1:48:46 PM org.openqa.selenium.devtools.CdpVersionFinder findNearestMatch
WARNING: Unable to find an exact match for CDP version 103, so returning the closest version found: 99
июл. 08, 2022 1:48:46 PM org.openqa.selenium.devtools.CdpVersionFinder findNearestMatch
INFO: Found CDP implementation for version 103 of 99
]]></system-err>
</testsuite>
