<?xml version="1.0" encoding="UTF-8"?>
<testsuite name="etd_foms_navigation_iframe" tests="1" skipped="0" failures="0" errors="0" timestamp="2022-06-27T12:07:01" hostname="BLACK" time="335.098">
  <properties/>
  <testcase name="myFirstTest" classname="etd_foms_navigation_iframe" time="335.098"/>
  <system-out><![CDATA[textContent = ДОМС
textContent = Методические материалы
textContent = Реестр согласований
textContent = РМП
]]></system-out>
  <system-err><![CDATA[SLF4J: Failed to load class "org.slf4j.impl.StaticLoggerBinder".
SLF4J: Defaulting to no-operation (NOP) logger implementation
SLF4J: See http://www.slf4j.org/codes.html#StaticLoggerBinder for further details.
Starting ChromeDriver 102.0.5005.61 (0e59bcc00cc4985ce39ad31c150065f159d95ad3-refs/branch-heads/5005@{#819}) on port 52052
Only local connections are allowed.
Please see https://chromedriver.chromium.org/security-considerations for suggestions on keeping ChromeDriver safe.
ChromeDriver was started successfully.
июн. 27, 2022 4:07:10 PM org.openqa.selenium.remote.ProtocolHandshake createSession
INFO: Detected dialect: W3C
июн. 27, 2022 4:07:10 PM org.openqa.selenium.devtools.CdpVersionFinder findNearestMatch
WARNING: Unable to find an exact match for CDP version 102, so returning the closest version found: 99
июн. 27, 2022 4:07:10 PM org.openqa.selenium.devtools.CdpVersionFinder findNearestMatch
INFO: Found CDP implementation for version 102 of 99
]]></system-err>
</testsuite>
