<?xml version="1.0" encoding="UTF-8"?>
<testsuite name="etd_foms_create_issue" tests="1" skipped="0" failures="0" errors="0" timestamp="2022-05-26T12:48:33" hostname="BLACK" time="33.852">
  <properties/>
  <testcase name="myFirstTest" classname="etd_foms_create_issue" time="33.852"/>
  <system-out><![CDATA[Номер созданного обращения: обращение srmp-30185
Номер обращения на вкладке: обращение srmp-30185
Тема в форме обращения: Тест, тест 123 !
Тема в карточке обращения: Тест, тест 123 !
Описание в форме обращения: Не открывается "Реестр входящих документов"
Описание в карточке обращения: Не открывается "Реестр входящих документов"
Введенный комментарий: Тест комментария 123 !
Отображаемый комментарий в поле Активности по обращению: Тест комментария 123 !
]]></system-out>
  <system-err><![CDATA[SLF4J: Failed to load class "org.slf4j.impl.StaticLoggerBinder".
SLF4J: Defaulting to no-operation (NOP) logger implementation
SLF4J: See http://www.slf4j.org/codes.html#StaticLoggerBinder for further details.
Starting ChromeDriver 100.0.4896.60 (6a5d10861ce8de5fce22564658033b43cb7de047-refs/branch-heads/4896@{#875}) on port 53935
Only local connections are allowed.
Please see https://chromedriver.chromium.org/security-considerations for suggestions on keeping ChromeDriver safe.
ChromeDriver was started successfully.
[1653569316.987][WARNING]: This version of ChromeDriver has not been tested with Chrome version 101.
мая 26, 2022 4:48:37 PM org.openqa.selenium.remote.ProtocolHandshake createSession
INFO: Detected dialect: W3C
мая 26, 2022 4:48:37 PM org.openqa.selenium.devtools.CdpVersionFinder findNearestMatch
WARNING: Unable to find an exact match for CDP version 101, so returning the closest version found: 99
мая 26, 2022 4:48:37 PM org.openqa.selenium.devtools.CdpVersionFinder findNearestMatch
INFO: Found CDP implementation for version 101 of 99
]]></system-err>
</testsuite>
