<?xml version="1.0" encoding="UTF-8"?>
<testsuite name="etd_foms_font_color" tests="1" skipped="0" failures="0" errors="0" timestamp="2022-07-06T09:43:47" hostname="BLACK" time="19.341">
  <properties/>
  <testcase name="myFirstTest" classname="etd_foms_font_color" time="19.341"/>
  <system-out><![CDATA[Шапка. Текст элемента заголовка : Государственная информационная система
обязательного медицинского страхования
Шапка. Шрифт элемента заголовка: 500 15.6px RobotoMedium, Helvetica, sans-serif
Шапка. Шрифт элемента заголовка совпадает со шрифтом, согласно макету: RobotoMedium
Шапка. Цвет элемента заголовка: rgba(0, 101, 177, 1)
Шапка. Цвет элемента заголовка совпадает с цветом, согласно макету: rgba(0, 101, 177, 1)
Шапка. Текст элемента пользователя : Журба Александр Владимирович
Шапка. Шрифт элемента пользователя: 500 15.6px RobotoMedium, Helvetica, sans-serif
Шапка. Шрифт элемента пользователя совпадает со шрифтом, согласно макету: RobotoMedium
Шапка. Цвет элемента пользователя: rgba(0, 101, 177, 1)
Шапка. Цвет элемента пользователя совпадает с цветом, согласно макету: rgba(0, 101, 177, 1)
]]></system-out>
  <system-err><![CDATA[SLF4J: Failed to load class "org.slf4j.impl.StaticLoggerBinder".
SLF4J: Defaulting to no-operation (NOP) logger implementation
SLF4J: See http://www.slf4j.org/codes.html#StaticLoggerBinder for further details.
Starting ChromeDriver 102.0.5005.61 (0e59bcc00cc4985ce39ad31c150065f159d95ad3-refs/branch-heads/5005@{#819}) on port 49676
Only local connections are allowed.
Please see https://chromedriver.chromium.org/security-considerations for suggestions on keeping ChromeDriver safe.
ChromeDriver was started successfully.
[1657100631.023][WARNING]: This version of ChromeDriver has not been tested with Chrome version 103.
июл. 06, 2022 1:43:51 PM org.openqa.selenium.remote.ProtocolHandshake createSession
INFO: Detected dialect: W3C
июл. 06, 2022 1:43:51 PM org.openqa.selenium.devtools.CdpVersionFinder findNearestMatch
WARNING: Unable to find an exact match for CDP version 103, so returning the closest version found: 99
июл. 06, 2022 1:43:51 PM org.openqa.selenium.devtools.CdpVersionFinder findNearestMatch
INFO: Found CDP implementation for version 103 of 99
]]></system-err>
</testsuite>
