<?xml version="1.0" encoding="UTF-8"?>
<testsuite name="etd_foms_navigation_sort" tests="1" skipped="0" failures="0" errors="0" timestamp="2022-05-24T12:12:37" hostname="BLACK" time="629.223">
  <properties/>
  <testcase name="myFirstTest" classname="etd_foms_navigation_sort" time="629.223"/>
  <system-out><![CDATA[sub_menu_List [администрирование, бюджетная классификация, государственное задание, документы, документы и справочники, медицинские организации, настройки, общероссийские классификаторы, основные справочники, региональный перечень услуг и работ, свод отчетов фомс, системные справочники, специализированные справочники омс, справочники банков, справочники государственного задания, справочники обас, тарифное соглашение, тр гмп, эксперты качества]
sub_menu_sort_List [администрирование, бюджетная классификация, государственное задание, документы, документы и справочники, медицинские организации, настройки, общероссийские классификаторы, основные справочники, региональный перечень услуг и работ, свод отчетов фомс, системные справочники, специализированные справочники омс, справочники банков, справочники государственного задания, справочники обас, тарифное соглашение, тр гмп, эксперты качества]
sub_menu_List [методические материалы]
sub_menu_sort_List [методические материалы]
sub_menu_List [реестр согласований]
sub_menu_sort_List [реестр согласований]
sub_menu_List [классификаторы, реестр входящих документов, реестр госпитализаций, реестр заключений мэк, реестр заключений мээ/экмп, реестр запросов документов мээ/экмп, реестр заявок на авансирование, реестр направлений, реестр объемов медицинской помощи, реестр оплат, реестр разногласий, реестр решений врачебной комиссии, реестр случаев омп, реестр счетов, реестр талонов, реестр уведомлений мээ/экмп, реестр экспертиз мээ/экмп, реестр экспертных заключений мээ, реестр экспертных заключений экмп, справочник вмп, справочник ксг, справочник мо, справочник мэк, справочник флк, статусы отчетов по договорам]
sub_menu_sort_List [классификаторы, реестр входящих документов, реестр госпитализаций, реестр заключений мэк, реестр заключений мээ/экмп, реестр запросов документов мээ/экмп, реестр заявок на авансирование, реестр направлений, реестр объемов медицинской помощи, реестр оплат, реестр разногласий, реестр решений врачебной комиссии, реестр случаев омп, реестр счетов, реестр талонов, реестр уведомлений мээ/экмп, реестр экспертиз мээ/экмп, реестр экспертных заключений мээ, реестр экспертных заключений экмп, справочник вмп, справочник ксг, справочник мо, справочник мэк, справочник флк, статусы отчетов по договорам]
sub_menu_List [статистика сопровождения]
sub_menu_sort_List [статистика сопровождения]
]]></system-out>
  <system-err><![CDATA[SLF4J: Failed to load class "org.slf4j.impl.StaticLoggerBinder".
SLF4J: Defaulting to no-operation (NOP) logger implementation
SLF4J: See http://www.slf4j.org/codes.html#StaticLoggerBinder for further details.
Starting ChromeDriver 100.0.4896.60 (6a5d10861ce8de5fce22564658033b43cb7de047-refs/branch-heads/4896@{#875}) on port 53888
Only local connections are allowed.
Please see https://chromedriver.chromium.org/security-considerations for suggestions on keeping ChromeDriver safe.
ChromeDriver was started successfully.
[1653394361.406][WARNING]: This version of ChromeDriver has not been tested with Chrome version 101.
мая 24, 2022 4:12:41 PM org.openqa.selenium.remote.ProtocolHandshake createSession
INFO: Detected dialect: W3C
мая 24, 2022 4:12:42 PM org.openqa.selenium.devtools.CdpVersionFinder findNearestMatch
WARNING: Unable to find an exact match for CDP version 101, so returning the closest version found: 99
мая 24, 2022 4:12:42 PM org.openqa.selenium.devtools.CdpVersionFinder findNearestMatch
INFO: Found CDP implementation for version 101 of 99
]]></system-err>
</testsuite>
