<?xml version="1.0" encoding="UTF-8"?>
<testsuite name="etd_foms_font_color" tests="1" skipped="0" failures="0" errors="0" timestamp="2022-07-06T14:35:38" hostname="BLACK" time="47.404">
  <properties/>
  <testcase name="myFirstTest" classname="etd_foms_font_color" time="47.404"/>
  <system-out><![CDATA[Шапка. Текст элемента заголовка : Государственная информационная система
обязательного медицинского страхования
Шапка. Шрифт элемента заголовка: 500 15.6px RobotoMedium, Helvetica, sans-serif
Шапка. Шрифт элемента заголовка совпадает со шрифтом, согласно макету: RobotoMedium
Шапка. Цвет элемента заголовка: rgba(0, 101, 177, 1)
Шапка. Цвет элемента заголовка совпадает с цветом, согласно макету: rgba(0, 101, 177, 1)
Шапка. Текст элемента пользователя: Журба Александр Владимирович
Шапка. Шрифт элемента пользователя: 500 15.6px RobotoMedium, Helvetica, sans-serif
Шапка. Шрифт элемента пользователя совпадает со шрифтом, согласно макету: RobotoMedium
Шапка. Цвет элемента пользователя: rgba(0, 101, 177, 1)
Шапка. Цвет элемента пользователя совпадает с цветом, согласно макету: rgba(0, 101, 177, 1)
Виджеты. Текст элемента: Избранное
Виджеты. Шрифт элемента: 19.92px Roboto, sans-serif
Виджеты. Шрифт элемента виджета совпадает со шрифтом, согласно макету: Roboto
Виджеты. Текст элемента: Подсистемы
Виджеты. Шрифт элемента: 19.92px Roboto, sans-serif
Виджеты. Шрифт элемента виджета совпадает со шрифтом, согласно макету: Roboto
Меню навигации. Текст элемента меню: ДОМС
Меню навигации. Шрифт элемента меню: RobotoMedium, sans-serif
Меню навигации. Шрифт элемента меню совпадает со шрифтом, согласно макету: RobotoMedium
Меню навигации. Текст элемента реестра: Классификаторы
Меню навигации. Шрифт элемента реестра: Roboto, Arial, Helvetica, Verdana, sans-serif
Меню навигации. Шрифт элемента реестра совпадает со шрифтом, согласно макету: Roboto
Вкладки. Текст элемента вкладки: НАСТРОЙКИ
Вкладки. Шрифт элемента вкладки: 500 14.4px RobotoMedium, sans-serif
Вкладки. Шрифт элемента вкладки совпадает со шрифтом, согласно макету: RobotoMedium
Хлебные крошки. Текст элемента цепочки: Классификаторы
Хлебные крошки. Шрифт элемента цепочки: Roboto, Arial, Helvetica, Verdana, sans-serif
Хлебные крошки. Шрифт элемента цепочки совпадает со шрифтом, согласно макету: Roboto
]]></system-out>
  <system-err><![CDATA[SLF4J: Failed to load class "org.slf4j.impl.StaticLoggerBinder".
SLF4J: Defaulting to no-operation (NOP) logger implementation
SLF4J: See http://www.slf4j.org/codes.html#StaticLoggerBinder for further details.
Starting ChromeDriver 102.0.5005.61 (0e59bcc00cc4985ce39ad31c150065f159d95ad3-refs/branch-heads/5005@{#819}) on port 59678
Only local connections are allowed.
Please see https://chromedriver.chromium.org/security-considerations for suggestions on keeping ChromeDriver safe.
ChromeDriver was started successfully.
[1657118145.134][WARNING]: This version of ChromeDriver has not been tested with Chrome version 103.
июл. 06, 2022 6:35:45 PM org.openqa.selenium.remote.ProtocolHandshake createSession
INFO: Detected dialect: W3C
июл. 06, 2022 6:35:45 PM org.openqa.selenium.devtools.CdpVersionFinder findNearestMatch
WARNING: Unable to find an exact match for CDP version 103, so returning the closest version found: 99
июл. 06, 2022 6:35:45 PM org.openqa.selenium.devtools.CdpVersionFinder findNearestMatch
INFO: Found CDP implementation for version 103 of 99
]]></system-err>
</testsuite>
