<?xml version="1.0" encoding="UTF-8"?>
<testsuite name="etd_foms_navigation" tests="1" skipped="0" failures="0" errors="0" timestamp="2022-05-20T12:21:19" hostname="BLACK" time="58.046">
  <properties/>
  <testcase name="myFirstTest" classname="etd_foms_navigation" time="58.046"/>
  <system-out><![CDATA[By.cssSelector: #details-button
By.cssSelector: #details-button found
By.cssSelector: #proceed-link
By.cssSelector: #proceed-link found
By.cssSelector: #details-button
By.cssSelector: #details-button found
By.cssSelector: #proceed-link
By.cssSelector: #proceed-link found
By.cssSelector: #zocial-esia
By.cssSelector: #zocial-esia found
By.cssSelector: #login
By.cssSelector: #login found
By.cssSelector: #password
By.cssSelector: #password found
By.cssSelector: #loginByPwdButton .ui-button-text
By.cssSelector: #loginByPwdButton .ui-button-text found
By.cssSelector: button:nth-child(2) .name
By.cssSelector: button:nth-child(2) .name found
By.cssSelector: .menu-nav [data-testid=MenuIcon]
By.cssSelector: .menu-nav [data-testid=MenuIcon] found
By.cssSelector: .treeItem-level-0 h6
By.cssSelector: .treeItem-level-0 h6 found
By.cssSelector: .treeItem-level-0 h6
By.cssSelector: .treeItem-level-0 h6 found
By.cssSelector: .MuiGrid-spacing-xs-2 .MuiGrid-root
By.cssSelector: .MuiGrid-spacing-xs-2 .MuiGrid-root found
By.cssSelector: .MuiCollapse-wrapperInner .treeItem-level-1 .treeItem-node h6
By.cssSelector: .MuiCollapse-wrapperInner .treeItem-level-1 .treeItem-node h6 found
By.cssSelector: .MuiCollapse-wrapperInner .treeItem-level-1 .treeItem-node h6
By.cssSelector: .MuiCollapse-wrapperInner .treeItem-level-1 .treeItem-node h6 found
By.cssSelector: .MuiGrid-spacing-xs-2 .MuiGrid-root
By.cssSelector: .MuiGrid-spacing-xs-2 .MuiGrid-root found
By.cssSelector: li ul .MuiCollapse-root h6
By.cssSelector: li ul .MuiCollapse-root h6 found
By.cssSelector: li ul .MuiCollapse-root h6
By.cssSelector: li ul .MuiCollapse-root h6 found
By.cssSelector: li ul .MuiCollapse-root h6
By.cssSelector: li ul .MuiCollapse-root h6 found
By.cssSelector: .MuiGrid-spacing-xs-2 .MuiGrid-root
By.cssSelector: .MuiGrid-spacing-xs-2 .MuiGrid-root found
By.cssSelector: .MuiGrid-spacing-xs-2 .MuiGrid-root
By.cssSelector: .MuiGrid-spacing-xs-2 .MuiGrid-root found
By.cssSelector: li ul .MuiCollapse-root h6
By.cssSelector: li ul .MuiCollapse-root h6 found
By.cssSelector: .MuiGrid-spacing-xs-2 .MuiGrid-root
By.cssSelector: .MuiGrid-spacing-xs-2 .MuiGrid-root found
By.cssSelector: li ul .MuiCollapse-root h6
By.cssSelector: li ul .MuiCollapse-root h6 found
By.cssSelector: li ul .MuiCollapse-root h6
By.cssSelector: li ul .MuiCollapse-root h6 found
By.cssSelector: li ul .MuiCollapse-root h6
By.cssSelector: li ul .MuiCollapse-root h6 found
By.cssSelector: .MuiGrid-spacing-xs-2 .MuiGrid-root
By.cssSelector: .MuiGrid-spacing-xs-2 .MuiGrid-root found
By.cssSelector: li ul .MuiCollapse-root h6
By.cssSelector: li ul .MuiCollapse-root h6 found
By.cssSelector: .MuiGrid-spacing-xs-2 .MuiGrid-root
By.cssSelector: .MuiGrid-spacing-xs-2 .MuiGrid-root found
By.cssSelector: li ul .MuiCollapse-root h6
By.cssSelector: li ul .MuiCollapse-root h6 found
By.cssSelector: .MuiGrid-spacing-xs-2 .MuiGrid-root
By.cssSelector: .MuiGrid-spacing-xs-2 .MuiGrid-root found
By.cssSelector: li ul .MuiCollapse-root h6
By.cssSelector: li ul .MuiCollapse-root h6 found
By.cssSelector: .MuiGrid-spacing-xs-2 .MuiGrid-root
By.cssSelector: .MuiGrid-spacing-xs-2 .MuiGrid-root found
By.cssSelector: li ul .MuiCollapse-root h6
By.cssSelector: li ul .MuiCollapse-root h6 found
By.cssSelector: .MuiGrid-spacing-xs-2 .MuiGrid-root
By.cssSelector: .MuiGrid-spacing-xs-2 .MuiGrid-root found
By.cssSelector: li ul .MuiCollapse-root h6
By.cssSelector: li ul .MuiCollapse-root h6 found
By.cssSelector: .MuiGrid-spacing-xs-2 .MuiGrid-root
By.cssSelector: .MuiGrid-spacing-xs-2 .MuiGrid-root found
By.cssSelector: .MuiGrid-spacing-xs-2 .MuiGrid-root
By.cssSelector: .MuiGrid-spacing-xs-2 .MuiGrid-root found
By.cssSelector: li ul .MuiCollapse-root h6
By.cssSelector: li ul .MuiCollapse-root h6 found
By.cssSelector: .MuiGrid-spacing-xs-2 .MuiGrid-root
By.cssSelector: .MuiGrid-spacing-xs-2 .MuiGrid-root found
By.cssSelector: li ul .MuiCollapse-root h6
By.cssSelector: li ul .MuiCollapse-root h6 found
By.cssSelector: li ul .MuiCollapse-root h6
By.cssSelector: li ul .MuiCollapse-root h6 found
By.cssSelector: li ul .MuiCollapse-root h6
By.cssSelector: li ul .MuiCollapse-root h6 found
By.cssSelector: .MuiGrid-spacing-xs-2 .MuiGrid-root
By.cssSelector: .MuiGrid-spacing-xs-2 .MuiGrid-root found
By.cssSelector: li ul .MuiCollapse-root h6
By.cssSelector: li ul .MuiCollapse-root h6 found
By.cssSelector: .MuiGrid-spacing-xs-2 .MuiGrid-root
By.cssSelector: .MuiGrid-spacing-xs-2 .MuiGrid-root found
By.cssSelector: li ul .MuiCollapse-root h6
By.cssSelector: li ul .MuiCollapse-root h6 found
By.cssSelector: .MuiGrid-spacing-xs-2 .MuiGrid-root
By.cssSelector: .MuiGrid-spacing-xs-2 .MuiGrid-root found
By.cssSelector: li ul .MuiCollapse-root h6
By.cssSelector: li ul .MuiCollapse-root h6 found
By.cssSelector: .MuiGrid-spacing-xs-2 .MuiGrid-root
By.cssSelector: .MuiGrid-spacing-xs-2 .MuiGrid-root found
By.cssSelector: li ul .MuiCollapse-root h6
By.cssSelector: li ul .MuiCollapse-root h6 found
By.cssSelector: .MuiGrid-spacing-xs-2 .MuiGrid-root
By.cssSelector: .MuiGrid-spacing-xs-2 .MuiGrid-root found
By.cssSelector: li ul .MuiCollapse-root h6
By.cssSelector: li ul .MuiCollapse-root h6 found
By.cssSelector: .MuiGrid-spacing-xs-2 .MuiGrid-root
By.cssSelector: .MuiGrid-spacing-xs-2 .MuiGrid-root found
By.cssSelector: .MuiGrid-spacing-xs-2 .MuiGrid-root
By.cssSelector: .MuiGrid-spacing-xs-2 .MuiGrid-root found
By.cssSelector: li ul .MuiCollapse-root h6
By.cssSelector: li ul .MuiCollapse-root h6 found
By.cssSelector: .MuiGrid-spacing-xs-2 .MuiGrid-root
By.cssSelector: .MuiGrid-spacing-xs-2 .MuiGrid-root found
By.cssSelector: li ul .MuiCollapse-root h6
By.cssSelector: li ul .MuiCollapse-root h6 found
By.cssSelector: li ul .MuiCollapse-root h6
By.cssSelector: li ul .MuiCollapse-root h6 found
By.cssSelector: li ul .MuiCollapse-root h6
By.cssSelector: li ul .MuiCollapse-root h6 found
By.cssSelector: .MuiGrid-spacing-xs-2 .MuiGrid-root
By.cssSelector: .MuiGrid-spacing-xs-2 .MuiGrid-root found
By.cssSelector: .MuiGrid-spacing-xs-2 .MuiGrid-root
By.cssSelector: .MuiGrid-spacing-xs-2 .MuiGrid-root found
By.cssSelector: li ul .MuiCollapse-root h6
By.cssSelector: li ul .MuiCollapse-root h6 found
By.cssSelector: .MuiGrid-spacing-xs-2 .MuiGrid-root
By.cssSelector: .MuiGrid-spacing-xs-2 .MuiGrid-root found
By.cssSelector: li ul .MuiCollapse-root h6
By.cssSelector: li ul .MuiCollapse-root h6 found
By.cssSelector: .MuiGrid-spacing-xs-2 .MuiGrid-root
By.cssSelector: .MuiGrid-spacing-xs-2 .MuiGrid-root found
By.cssSelector: li ul .MuiCollapse-root h6
By.cssSelector: li ul .MuiCollapse-root h6 found
By.cssSelector: .MuiGrid-spacing-xs-2 .MuiGrid-root
By.cssSelector: .MuiGrid-spacing-xs-2 .MuiGrid-root found
By.cssSelector: li ul .MuiCollapse-root h6
By.cssSelector: li ul .MuiCollapse-root h6 found
By.cssSelector: .MuiGrid-spacing-xs-2 .MuiGrid-root
By.cssSelector: .MuiGrid-spacing-xs-2 .MuiGrid-root found
By.cssSelector: li ul .MuiCollapse-root h6
By.cssSelector: li ul .MuiCollapse-root h6 found
By.cssSelector: .MuiGrid-spacing-xs-2 .MuiGrid-root
By.cssSelector: .MuiGrid-spacing-xs-2 .MuiGrid-root found
By.cssSelector: li ul .MuiCollapse-root h6
By.cssSelector: li ul .MuiCollapse-root h6 found
By.cssSelector: .MuiGrid-spacing-xs-2 .MuiGrid-root
By.cssSelector: .MuiGrid-spacing-xs-2 .MuiGrid-root found
By.cssSelector: li ul .MuiCollapse-root h6
By.cssSelector: li ul .MuiCollapse-root h6 found
By.cssSelector: .MuiGrid-spacing-xs-2 .MuiGrid-root
By.cssSelector: .MuiGrid-spacing-xs-2 .MuiGrid-root found
By.cssSelector: li ul .MuiCollapse-root h6
By.cssSelector: li ul .MuiCollapse-root h6 found
By.cssSelector: .MuiGrid-spacing-xs-2 .MuiGrid-root
By.cssSelector: .MuiGrid-spacing-xs-2 .MuiGrid-root found
By.cssSelector: li ul .MuiCollapse-root h6
By.cssSelector: li ul .MuiCollapse-root h6 found
By.cssSelector: li ul .MuiCollapse-root h6
By.cssSelector: li ul .MuiCollapse-root h6 found
By.cssSelector: li ul .MuiCollapse-root h6
By.cssSelector: li ul .MuiCollapse-root h6 found
By.cssSelector: .MuiGrid-spacing-xs-2 .MuiGrid-root
By.cssSelector: .MuiGrid-spacing-xs-2 .MuiGrid-root found
By.cssSelector: li ul .MuiCollapse-root h6
By.cssSelector: li ul .MuiCollapse-root h6 found
By.cssSelector: .MuiGrid-spacing-xs-2 .MuiGrid-root
By.cssSelector: .MuiGrid-spacing-xs-2 .MuiGrid-root found
By.cssSelector: .MuiGrid-spacing-xs-2 .MuiGrid-root
By.cssSelector: .MuiGrid-spacing-xs-2 .MuiGrid-root found
By.cssSelector: li ul .MuiCollapse-root h6
By.cssSelector: li ul .MuiCollapse-root h6 found
By.cssSelector: .MuiGrid-spacing-xs-2 .MuiGrid-root
By.cssSelector: .MuiGrid-spacing-xs-2 .MuiGrid-root found
By.cssSelector: li ul .MuiCollapse-root h6
By.cssSelector: li ul .MuiCollapse-root h6 found
By.cssSelector: .MuiGrid-spacing-xs-2 .MuiGrid-root
By.cssSelector: .MuiGrid-spacing-xs-2 .MuiGrid-root found
By.cssSelector: li ul .MuiCollapse-root h6
By.cssSelector: li ul .MuiCollapse-root h6 found
By.cssSelector: [data-testid=ExpandMoreIcon]
By.cssSelector: [data-testid=ExpandMoreIcon] found
By.cssSelector: [data-testid=ExpandMoreIcon]
By.cssSelector: [data-testid=ExpandMoreIcon] found
By.cssSelector: .treeItem-level-0 h6
By.cssSelector: .treeItem-level-0 h6 found
By.cssSelector: .MuiGrid-spacing-xs-2 .MuiGrid-root
By.cssSelector: .MuiGrid-spacing-xs-2 .MuiGrid-root found
By.cssSelector: .MuiCollapse-wrapperInner .treeItem-level-1 .treeItem-node h6
By.cssSelector: .MuiCollapse-wrapperInner .treeItem-level-1 .treeItem-node h6 found
By.cssSelector: [data-testid=ExpandMoreIcon]
By.cssSelector: [data-testid=ExpandMoreIcon] found
By.cssSelector: .treeItem-level-0 h6
By.cssSelector: .treeItem-level-0 h6 found
By.cssSelector: .MuiGrid-spacing-xs-2 .MuiGrid-root
By.cssSelector: .MuiGrid-spacing-xs-2 .MuiGrid-root found
By.cssSelector: .MuiCollapse-wrapperInner .treeItem-level-1 .treeItem-node h6
By.cssSelector: .MuiCollapse-wrapperInner .treeItem-level-1 .treeItem-node h6 found
By.cssSelector: [data-testid=ExpandMoreIcon]
By.cssSelector: [data-testid=ExpandMoreIcon] found
By.cssSelector: .treeItem-level-0 h6
By.cssSelector: .treeItem-level-0 h6 found
By.cssSelector: .MuiGrid-spacing-xs-2 .MuiGrid-root
By.cssSelector: .MuiGrid-spacing-xs-2 .MuiGrid-root found
By.cssSelector: .MuiCollapse-wrapperInner .treeItem-level-1 .treeItem-node h6
By.cssSelector: .MuiCollapse-wrapperInner .treeItem-level-1 .treeItem-node h6 found
By.cssSelector: [data-testid=ExpandMoreIcon]
By.cssSelector: [data-testid=ExpandMoreIcon] found
By.cssSelector: .treeItem-level-0 h6
By.cssSelector: .treeItem-level-0 h6 found
By.cssSelector: .MuiGrid-spacing-xs-2 .MuiGrid-root
By.cssSelector: .MuiGrid-spacing-xs-2 .MuiGrid-root found
By.cssSelector: .MuiCollapse-wrapperInner .treeItem-level-1 .treeItem-node h6
By.cssSelector: .MuiCollapse-wrapperInner .treeItem-level-1 .treeItem-node h6 found
By.cssSelector: [data-testid=ExpandMoreIcon]
By.cssSelector: [data-testid=ExpandMoreIcon] found
]]></system-out>
  <system-err><![CDATA[SLF4J: Failed to load class "org.slf4j.impl.StaticLoggerBinder".
SLF4J: Defaulting to no-operation (NOP) logger implementation
SLF4J: See http://www.slf4j.org/codes.html#StaticLoggerBinder for further details.
Starting ChromeDriver 100.0.4896.60 (6a5d10861ce8de5fce22564658033b43cb7de047-refs/branch-heads/4896@{#875}) on port 58877
Only local connections are allowed.
Please see https://chromedriver.chromium.org/security-considerations for suggestions on keeping ChromeDriver safe.
ChromeDriver was started successfully.
[1653049282.650][WARNING]: This version of ChromeDriver has not been tested with Chrome version 101.
мая 20, 2022 4:21:23 PM org.openqa.selenium.remote.ProtocolHandshake createSession
INFO: Detected dialect: W3C
мая 20, 2022 4:21:23 PM org.openqa.selenium.devtools.CdpVersionFinder findNearestMatch
WARNING: Unable to find an exact match for CDP version 101, so returning the closest version found: 99
мая 20, 2022 4:21:23 PM org.openqa.selenium.devtools.CdpVersionFinder findNearestMatch
INFO: Found CDP implementation for version 101 of 99
]]></system-err>
</testsuite>
