<?xml version="1.0" encoding="UTF-8"?>
<testsuite name="etd_foms_favourites" tests="1" skipped="0" failures="0" errors="0" timestamp="2022-06-28T07:10:23" hostname="BLACK" time="65.776">
  <properties/>
  <testcase name="myFirstTest" classname="etd_foms_favourites" time="65.776"/>
  <system-out><![CDATA[Количество удаленных реестров из блока "Избранное" на главной странице: 2
--------------------------
Количество добавленных реестров: 3
Количество реестров, отображаемых на главной странице в блоке "Избранное": 3
--------------------------
Количество реестров, отображаемых на главной странице в блоке "Избранное": 3
Количество реестров в виджете "Избранное": 3
--------------------------
Количество удаленных реестров из виджета "Избранное": 3
На главной странице отсутствуют реестры в блоке "Избранное": 0
]]></system-out>
  <system-err><![CDATA[SLF4J: Failed to load class "org.slf4j.impl.StaticLoggerBinder".
SLF4J: Defaulting to no-operation (NOP) logger implementation
SLF4J: See http://www.slf4j.org/codes.html#StaticLoggerBinder for further details.
Starting ChromeDriver 102.0.5005.61 (0e59bcc00cc4985ce39ad31c150065f159d95ad3-refs/branch-heads/5005@{#819}) on port 59609
Only local connections are allowed.
Please see https://chromedriver.chromium.org/security-considerations for suggestions on keeping ChromeDriver safe.
ChromeDriver was started successfully.
июн. 28, 2022 11:10:31 AM org.openqa.selenium.remote.ProtocolHandshake createSession
INFO: Detected dialect: W3C
июн. 28, 2022 11:10:32 AM org.openqa.selenium.devtools.CdpVersionFinder findNearestMatch
WARNING: Unable to find an exact match for CDP version 102, so returning the closest version found: 99
июн. 28, 2022 11:10:32 AM org.openqa.selenium.devtools.CdpVersionFinder findNearestMatch
INFO: Found CDP implementation for version 102 of 99
]]></system-err>
</testsuite>
